06-08-2024 17:44:28 : INFO : Aplikasi dimulai
06-08-2024 17:44:28 : INFO : Aplikasi dimulai
06-08-2024 17:44:28 : INFO : Aplikasi dimulai
06-08-2024 17:44:28 : INFO : Aplikasi dimulai
06-08-2024 17:44:28 : INFO : Request from 127.0.0.1 to /
06-08-2024 17:44:29 : INFO : Request from 127.0.0.1 to /static/styles.css
06-08-2024 17:44:29 : INFO : Arsitektur model berhasil didefinisikan
06-08-2024 17:44:29 : INFO : Arsitektur model berhasil didefinisikan
06-08-2024 17:44:29 : INFO : Arsitektur model berhasil didefinisikan
06-08-2024 17:44:29 : INFO : Arsitektur model berhasil didefinisikan
06-08-2024 17:44:29 : INFO : Model berhasil dimuat dan dipindahkan ke perangkat
06-08-2024 17:44:29 : INFO : Model berhasil dimuat dan dipindahkan ke perangkat
06-08-2024 17:44:29 : INFO : Transformasi data berhasil didefinisikan
06-08-2024 17:44:29 : INFO : Transformasi data berhasil didefinisikan
06-08-2024 17:44:29 : INFO : Model berhasil dimuat dan dipindahkan ke perangkat
06-08-2024 17:44:29 : INFO : Model berhasil dimuat dan dipindahkan ke perangkat
06-08-2024 17:44:29 : INFO : Transformasi data berhasil didefinisikan
06-08-2024 17:44:29 : INFO : Transformasi data berhasil didefinisikan
06-08-2024 17:44:37 : INFO : Aplikasi dimulai
06-08-2024 17:44:37 : INFO : Aplikasi dimulai
06-08-2024 17:44:37 : INFO : Aplikasi dimulai
06-08-2024 17:44:38 : INFO : Arsitektur model berhasil didefinisikan
06-08-2024 17:44:38 : INFO : Arsitektur model berhasil didefinisikan
06-08-2024 17:44:38 : INFO : Arsitektur model berhasil didefinisikan
06-08-2024 17:44:38 : INFO : Model berhasil dimuat dan dipindahkan ke perangkat
06-08-2024 17:44:38 : INFO : Model berhasil dimuat dan dipindahkan ke perangkat
06-08-2024 17:44:38 : INFO : Model berhasil dimuat dan dipindahkan ke perangkat
06-08-2024 17:44:38 : INFO : Transformasi data berhasil didefinisikan
06-08-2024 17:44:38 : INFO : Transformasi data berhasil didefinisikan
06-08-2024 17:44:38 : INFO : Transformasi data berhasil didefinisikan
06-08-2024 17:44:38 : INFO : File berhasil diunggah
06-08-2024 17:44:38 : INFO : File berhasil diunggah
06-08-2024 17:44:38 : INFO : File berhasil diunggah
06-08-2024 17:44:38 : INFO : Gambar berhasil diproses (penyamaan histogram dan perubahan warna)
06-08-2024 17:44:38 : INFO : Gambar berhasil diproses (penyamaan histogram dan perubahan warna)
06-08-2024 17:44:38 : INFO : Gambar berhasil diproses (penyamaan histogram dan perubahan warna)
06-08-2024 17:44:38 : INFO : Gambar berhasil diproses
06-08-2024 17:44:38 : INFO : Gambar berhasil diproses
06-08-2024 17:44:38 : INFO : Gambar berhasil diproses
06-08-2024 17:44:38 : INFO : Plot perbandingan histogram berhasil dibuat
06-08-2024 17:44:38 : INFO : Plot perbandingan histogram berhasil dibuat
06-08-2024 17:44:38 : INFO : Plot perbandingan histogram berhasil dibuat
06-08-2024 17:44:39 : INFO : Prediksi dibuat: no_tumor
06-08-2024 17:44:39 : INFO : Prediksi dibuat: no_tumor
06-08-2024 17:44:39 : INFO : Prediksi dibuat: no_tumor
06-08-2024 17:44:40 : INFO : Gambar ditampilkan dengan prediksi: no_tumor
06-08-2024 17:44:40 : INFO : Gambar ditampilkan dengan prediksi: no_tumor
06-08-2024 17:44:40 : INFO : Gambar ditampilkan dengan prediksi: no_tumor
06-08-2024 17:44:40 : INFO : Plot akurasi dan distribusi kelas berhasil dibuat
06-08-2024 17:44:40 : INFO : Plot akurasi dan distribusi kelas berhasil dibuat
06-08-2024 17:44:40 : INFO : Plot akurasi dan distribusi kelas berhasil dibuat
06-08-2024 17:44:42 : INFO : Aplikasi dimulai
06-08-2024 17:44:42 : INFO : Aplikasi dimulai
06-08-2024 17:44:42 : INFO : Aplikasi dimulai
06-08-2024 17:44:42 : INFO : Aplikasi dimulai
06-08-2024 17:44:43 : INFO : Arsitektur model berhasil didefinisikan
06-08-2024 17:44:43 : INFO : Arsitektur model berhasil didefinisikan
06-08-2024 17:44:43 : INFO : Arsitektur model berhasil didefinisikan
06-08-2024 17:44:43 : INFO : Arsitektur model berhasil didefinisikan
06-08-2024 17:44:43 : INFO : Model berhasil dimuat dan dipindahkan ke perangkat
06-08-2024 17:44:43 : INFO : Model berhasil dimuat dan dipindahkan ke perangkat
06-08-2024 17:44:43 : INFO : Model berhasil dimuat dan dipindahkan ke perangkat
06-08-2024 17:44:43 : INFO : Model berhasil dimuat dan dipindahkan ke perangkat
06-08-2024 17:44:43 : INFO : Transformasi data berhasil didefinisikan
06-08-2024 17:44:43 : INFO : Transformasi data berhasil didefinisikan
06-08-2024 17:44:43 : INFO : Transformasi data berhasil didefinisikan
06-08-2024 17:44:43 : INFO : Transformasi data berhasil didefinisikan
06-08-2024 17:44:43 : INFO : Plot perbandingan histogram berhasil dibuat
06-08-2024 17:44:43 : INFO : Plot perbandingan histogram berhasil dibuat
06-08-2024 17:44:43 : INFO : Plot perbandingan histogram berhasil dibuat
06-08-2024 17:44:43 : INFO : Plot perbandingan histogram berhasil dibuat
06-08-2024 17:44:46 : INFO : Aplikasi dimulai
06-08-2024 17:44:46 : INFO : Aplikasi dimulai
06-08-2024 17:44:46 : INFO : Aplikasi dimulai
06-08-2024 17:44:46 : INFO : Aplikasi dimulai
06-08-2024 17:44:46 : INFO : Aplikasi dimulai
06-08-2024 17:44:46 : INFO : Arsitektur model berhasil didefinisikan
06-08-2024 17:44:46 : INFO : Arsitektur model berhasil didefinisikan
06-08-2024 17:44:46 : INFO : Arsitektur model berhasil didefinisikan
06-08-2024 17:44:46 : INFO : Arsitektur model berhasil didefinisikan
06-08-2024 17:44:46 : INFO : Arsitektur model berhasil didefinisikan
06-08-2024 17:44:46 : INFO : Model berhasil dimuat dan dipindahkan ke perangkat
06-08-2024 17:44:46 : INFO : Model berhasil dimuat dan dipindahkan ke perangkat
06-08-2024 17:44:46 : INFO : Model berhasil dimuat dan dipindahkan ke perangkat
06-08-2024 17:44:46 : INFO : Model berhasil dimuat dan dipindahkan ke perangkat
06-08-2024 17:44:46 : INFO : Model berhasil dimuat dan dipindahkan ke perangkat
06-08-2024 17:44:46 : INFO : Transformasi data berhasil didefinisikan
06-08-2024 17:44:46 : INFO : Transformasi data berhasil didefinisikan
06-08-2024 17:44:46 : INFO : Transformasi data berhasil didefinisikan
06-08-2024 17:44:46 : INFO : Transformasi data berhasil didefinisikan
06-08-2024 17:44:46 : INFO : Transformasi data berhasil didefinisikan
06-08-2024 17:44:47 : INFO : Gambar ditampilkan dengan prediksi: no_tumor
06-08-2024 17:44:47 : INFO : Gambar ditampilkan dengan prediksi: no_tumor
06-08-2024 17:44:47 : INFO : Gambar ditampilkan dengan prediksi: no_tumor
06-08-2024 17:44:47 : INFO : Gambar ditampilkan dengan prediksi: no_tumor
06-08-2024 17:44:47 : INFO : Gambar ditampilkan dengan prediksi: no_tumor
06-08-2024 17:44:47 : INFO : Plot akurasi dan distribusi kelas berhasil dibuat
06-08-2024 17:44:47 : INFO : Plot akurasi dan distribusi kelas berhasil dibuat
06-08-2024 17:44:47 : INFO : Plot akurasi dan distribusi kelas berhasil dibuat
06-08-2024 17:44:47 : INFO : Plot akurasi dan distribusi kelas berhasil dibuat
06-08-2024 17:44:47 : INFO : Plot akurasi dan distribusi kelas berhasil dibuat
06-08-2024 17:44:51 : INFO : Request from 127.0.0.1 to /
06-08-2024 17:44:51 : INFO : Request from 127.0.0.1 to /static/styles.css
06-08-2024 17:45:10 : INFO : Aplikasi dimulai
06-08-2024 17:45:10 : INFO : Aplikasi dimulai
06-08-2024 17:45:10 : INFO : Aplikasi dimulai
06-08-2024 17:45:10 : INFO : Aplikasi dimulai
06-08-2024 17:45:10 : INFO : Aplikasi dimulai
06-08-2024 17:45:10 : INFO : Aplikasi dimulai
06-08-2024 17:45:11 : INFO : Arsitektur model berhasil didefinisikan
06-08-2024 17:45:11 : INFO : Arsitektur model berhasil didefinisikan
06-08-2024 17:45:11 : INFO : Arsitektur model berhasil didefinisikan
06-08-2024 17:45:11 : INFO : Arsitektur model berhasil didefinisikan
06-08-2024 17:45:11 : INFO : Arsitektur model berhasil didefinisikan
06-08-2024 17:45:11 : INFO : Arsitektur model berhasil didefinisikan
06-08-2024 17:45:11 : INFO : Model berhasil dimuat dan dipindahkan ke perangkat
06-08-2024 17:45:11 : INFO : Model berhasil dimuat dan dipindahkan ke perangkat
06-08-2024 17:45:11 : INFO : Model berhasil dimuat dan dipindahkan ke perangkat
06-08-2024 17:45:11 : INFO : Model berhasil dimuat dan dipindahkan ke perangkat
06-08-2024 17:45:11 : INFO : Model berhasil dimuat dan dipindahkan ke perangkat
06-08-2024 17:45:11 : INFO : Model berhasil dimuat dan dipindahkan ke perangkat
06-08-2024 17:45:11 : INFO : Transformasi data berhasil didefinisikan
06-08-2024 17:45:11 : INFO : Transformasi data berhasil didefinisikan
06-08-2024 17:45:11 : INFO : Transformasi data berhasil didefinisikan
06-08-2024 17:45:11 : INFO : Transformasi data berhasil didefinisikan
06-08-2024 17:45:11 : INFO : Transformasi data berhasil didefinisikan
06-08-2024 17:45:11 : INFO : Transformasi data berhasil didefinisikan
06-08-2024 17:45:16 : INFO : Aplikasi dimulai
06-08-2024 17:45:16 : INFO : Aplikasi dimulai
06-08-2024 17:45:16 : INFO : Aplikasi dimulai
06-08-2024 17:45:16 : INFO : Aplikasi dimulai
06-08-2024 17:45:16 : INFO : Aplikasi dimulai
06-08-2024 17:45:16 : INFO : Aplikasi dimulai
06-08-2024 17:45:16 : INFO : Aplikasi dimulai
06-08-2024 17:45:17 : INFO : Arsitektur model berhasil didefinisikan
06-08-2024 17:45:17 : INFO : Arsitektur model berhasil didefinisikan
06-08-2024 17:45:17 : INFO : Arsitektur model berhasil didefinisikan
06-08-2024 17:45:17 : INFO : Arsitektur model berhasil didefinisikan
06-08-2024 17:45:17 : INFO : Arsitektur model berhasil didefinisikan
06-08-2024 17:45:17 : INFO : Arsitektur model berhasil didefinisikan
06-08-2024 17:45:17 : INFO : Arsitektur model berhasil didefinisikan
06-08-2024 17:45:17 : INFO : Model berhasil dimuat dan dipindahkan ke perangkat
06-08-2024 17:45:17 : INFO : Model berhasil dimuat dan dipindahkan ke perangkat
06-08-2024 17:45:17 : INFO : Model berhasil dimuat dan dipindahkan ke perangkat
06-08-2024 17:45:17 : INFO : Model berhasil dimuat dan dipindahkan ke perangkat
06-08-2024 17:45:17 : INFO : Model berhasil dimuat dan dipindahkan ke perangkat
06-08-2024 17:45:17 : INFO : Model berhasil dimuat dan dipindahkan ke perangkat
06-08-2024 17:45:17 : INFO : Model berhasil dimuat dan dipindahkan ke perangkat
06-08-2024 17:45:17 : INFO : Transformasi data berhasil didefinisikan
06-08-2024 17:45:17 : INFO : Transformasi data berhasil didefinisikan
06-08-2024 17:45:17 : INFO : Transformasi data berhasil didefinisikan
06-08-2024 17:45:17 : INFO : Transformasi data berhasil didefinisikan
06-08-2024 17:45:17 : INFO : Transformasi data berhasil didefinisikan
06-08-2024 17:45:17 : INFO : Transformasi data berhasil didefinisikan
06-08-2024 17:45:17 : INFO : Transformasi data berhasil didefinisikan
06-08-2024 17:45:17 : INFO : File berhasil diunggah
06-08-2024 17:45:17 : INFO : File berhasil diunggah
06-08-2024 17:45:17 : INFO : File berhasil diunggah
06-08-2024 17:45:17 : INFO : File berhasil diunggah
06-08-2024 17:45:17 : INFO : File berhasil diunggah
06-08-2024 17:45:17 : INFO : File berhasil diunggah
06-08-2024 17:45:17 : INFO : File berhasil diunggah
06-08-2024 17:45:17 : INFO : Gambar berhasil diproses (penyamaan histogram dan perubahan warna)
06-08-2024 17:45:17 : INFO : Gambar berhasil diproses (penyamaan histogram dan perubahan warna)
06-08-2024 17:45:17 : INFO : Gambar berhasil diproses (penyamaan histogram dan perubahan warna)
06-08-2024 17:45:17 : INFO : Gambar berhasil diproses (penyamaan histogram dan perubahan warna)
06-08-2024 17:45:17 : INFO : Gambar berhasil diproses (penyamaan histogram dan perubahan warna)
06-08-2024 17:45:17 : INFO : Gambar berhasil diproses (penyamaan histogram dan perubahan warna)
06-08-2024 17:45:17 : INFO : Gambar berhasil diproses (penyamaan histogram dan perubahan warna)
06-08-2024 17:45:17 : INFO : Gambar berhasil diproses
06-08-2024 17:45:17 : INFO : Gambar berhasil diproses
06-08-2024 17:45:17 : INFO : Gambar berhasil diproses
06-08-2024 17:45:17 : INFO : Gambar berhasil diproses
06-08-2024 17:45:17 : INFO : Gambar berhasil diproses
06-08-2024 17:45:17 : INFO : Gambar berhasil diproses
06-08-2024 17:45:17 : INFO : Gambar berhasil diproses
06-08-2024 17:45:17 : INFO : Plot perbandingan histogram berhasil dibuat
06-08-2024 17:45:17 : INFO : Plot perbandingan histogram berhasil dibuat
06-08-2024 17:45:17 : INFO : Plot perbandingan histogram berhasil dibuat
06-08-2024 17:45:17 : INFO : Plot perbandingan histogram berhasil dibuat
06-08-2024 17:45:17 : INFO : Plot perbandingan histogram berhasil dibuat
06-08-2024 17:45:17 : INFO : Plot perbandingan histogram berhasil dibuat
06-08-2024 17:45:17 : INFO : Plot perbandingan histogram berhasil dibuat
06-08-2024 17:45:17 : INFO : Prediksi dibuat: meningioma_tumor
06-08-2024 17:45:17 : INFO : Prediksi dibuat: meningioma_tumor
06-08-2024 17:45:17 : INFO : Prediksi dibuat: meningioma_tumor
06-08-2024 17:45:17 : INFO : Prediksi dibuat: meningioma_tumor
06-08-2024 17:45:17 : INFO : Prediksi dibuat: meningioma_tumor
06-08-2024 17:45:17 : INFO : Prediksi dibuat: meningioma_tumor
06-08-2024 17:45:17 : INFO : Prediksi dibuat: meningioma_tumor
06-08-2024 17:45:18 : INFO : Gambar ditampilkan dengan prediksi: meningioma_tumor
06-08-2024 17:45:18 : INFO : Gambar ditampilkan dengan prediksi: meningioma_tumor
06-08-2024 17:45:18 : INFO : Gambar ditampilkan dengan prediksi: meningioma_tumor
06-08-2024 17:45:18 : INFO : Gambar ditampilkan dengan prediksi: meningioma_tumor
06-08-2024 17:45:18 : INFO : Gambar ditampilkan dengan prediksi: meningioma_tumor
06-08-2024 17:45:18 : INFO : Gambar ditampilkan dengan prediksi: meningioma_tumor
06-08-2024 17:45:18 : INFO : Gambar ditampilkan dengan prediksi: meningioma_tumor
06-08-2024 17:45:19 : INFO : Plot akurasi dan distribusi kelas berhasil dibuat
06-08-2024 17:45:19 : INFO : Plot akurasi dan distribusi kelas berhasil dibuat
06-08-2024 17:45:19 : INFO : Plot akurasi dan distribusi kelas berhasil dibuat
06-08-2024 17:45:19 : INFO : Plot akurasi dan distribusi kelas berhasil dibuat
06-08-2024 17:45:19 : INFO : Plot akurasi dan distribusi kelas berhasil dibuat
06-08-2024 17:45:19 : INFO : Plot akurasi dan distribusi kelas berhasil dibuat
06-08-2024 17:45:19 : INFO : Plot akurasi dan distribusi kelas berhasil dibuat
06-08-2024 17:45:46 : INFO : Request from 127.0.0.1 to /
06-08-2024 17:45:46 : INFO : Request from 127.0.0.1 to /static/styles.css
